[2026-03-08 09:47:57] ERROR oneclick — 원클릭 생성 오류: 한예지 / TypeError: unhashable type: 'dict'
[2026-03-08 09:50:05] ERROR oneclick — 원클릭 생성 오류: 한예지 / ValueError: Invalid format specifier ' "매우 격식있고 공식적인 톤",
        "sentence_ending_rule": "합쇼체(~습니다, ~입니다) 위주로 작성",
        "sentence_length": "적당한 길이의 문장 (20자 내외)",
        "emoji_usage": "이모티콘 사용 금지",
        "emotional_expression": "neutral 감정 표현 유지"
      ' for object of type 'str'
[2026-03-08 09:51:36] INFO oneclick — 원클릭 완료: 한예지 / 진주시, 2024년 하반기 평생학습 프로그램 수강생 모집 안내
[2026-03-08 10:53:11] INFO oneclick — 원클릭 완료: 한예지 / 진주시 정책, 시민 만족도 향상의 길: 담당자가 전하는 생생한 이야기
[2026-03-08 10:57:32] INFO oneclick — 원클릭 완료: 한예지 / 진주시, 시민 생활 안정 위한 정책 총력! 놓치면 손해 보는 꿀팁 공개
[2026-03-08 17:27:49] INFO blog_dna — 블로그 수집 시작: thejinjucity (15개)
[2026-03-08 17:27:49] INFO blog_dna — 글 목록 15개 확인, 본문 수집 중...
[2026-03-08 17:28:03] INFO blog_dna — 본문 수집 완료: 15개
[2026-03-08 17:28:03] INFO blog_dna — 분석 청크: 4개
[2026-03-08 17:28:20] INFO blog_dna — blog_dna 생성 완료
[2026-03-08 17:28:20] INFO blog_dna — few_shot_examples 추출 완료: 2개
[2026-03-08 17:28:54] INFO oneclick — 원클릭 완료: 한예지 / 진주시, 시민과 함께하는 정월대보름 달집태우기 행사 성료
[2026-03-08 17:38:38] INFO oneclick — 원클릭 완료: 남구청 박미혜 주무관님 / 남구 주민 주목! 2024년 자원봉사 주간, 함께 빛나는 우리 동네 만들어요!
[2026-03-08 17:38:55] INFO oneclick — 원클릭 완료: 진대표님 / [하이브미디어] 창업 자금 확보 특별 지원 안내 (단 1회)
[2026-03-08 17:39:22] INFO oneclick — 원클릭 완료: 윤욱진 / 초보도 10분 만에 뚝딱! ✨ 완벽 블로그 글쓰기, 이렇게 쉬웠어?
[2026-03-08 17:42:34] INFO oneclick — 원클릭 완료: 한예지 / 진주시, 정월대보름 달집태우기 행사 성료! 시민 화합의 장
